1000  1142.2
4000  285.8
7000  163.5
10000  114.6
13000  88.1
16000  71.6
19000  60.4
22000  52.1
25000  45.9
28000  41.0
31000  37.0
34000  33.8
37000  31.0
40000  28.7
43000  26.7
46000  25.0
49000  23.4
52000  22.1
55000  20.9
58000  19.8
61000  18.8
64000  17.9
67000  17.2
70000  16.4
73000  15.8
76000  15.2
79000  14.5
82000  14.0
85000  13.5
88000  13.1
91000  12.6
94000  12.2
97000  11.9
100000  11.5
103000  11.2
106000  10.8
109000  10.6
112000  10.3
115000  10.0
118000  9.8
121000  9.5
124000  9.3
127000  9.1
130000  8.9
133000  8.7
136000  8.4
139000  8.3
142000  8.1
145000  7.9
148000  7.8
151000  7.6
154000  7.5
157000  7.3
160000  7.2
163000  7.1
166000  6.9
169000  6.8
172000  6.7
175000  6.6
178000  6.5
181000  6.4
184000  6.3
187000  6.2
190000  6.1
193000  6.0
196000  5.9
199000  5.8
202000  5.7
205000  5.6
208000  5.5
211000  5.5
214000  5.4
217000  5.3
220000  5.2
223000  5.2
226000  5.1
229000  5.0
232000  5.0
235000  4.9
238000  4.8
241000  4.8
244000  4.7
247000  4.7
250000  4.6
253000  4.6
256000  4.5
259000  4.4
262000  4.4
265000  4.3
268000  4.3
271000  4.3
274000  4.2
277000  4.2
280000  4.1
283000  4.1
286000  4.0
289000  4.0
292000  3.9
295000  3.9
298000  3.9
301000  3.8
304000  3.8
307000  3.8
310000  3.7
313000  3.7
316000  3.6
319000  3.6
322000  3.6
325000  3.5
328000  3.5
331000  3.5
334000  3.5
337000  3.4
340000  3.4
343000  3.4
346000  3.3
349000  3.3
352000  3.3
355000  3.2
358000  3.2
361000  3.2
364000  3.2
367000  3.1
370000  3.1
373000  3.1
376000  3.1
379000  3.1
382000  3.0
385000  3.0
388000  3.0
391000  3.0
394000  2.9
397000  2.9
400000  2.9
403000  2.9
406000  2.8
409000  2.8
412000  2.8
415000  2.8
418000  2.8
421000  2.7
424000  2.7
427000  2.7
430000  2.7
433000  2.7
436000  2.6
439000  2.6
442000  2.6
445000  2.6
448000  2.6
451000  2.6
454000  2.5
457000  2.5
460000  2.5
463000  2.5
466000  2.5
469000  2.5
472000  2.4
475000  2.4
478000  2.4
481000  2.4
484000  2.4
487000  2.4
490000  2.4
493000  2.3
496000  2.3
499000  2.3
502000  2.3
505000  2.3
508000  2.3
511000  2.3
514000  2.2
517000  2.2
520000  2.2
523000  2.2
526000  2.2
529000  2.2
532000  2.2
535000  2.2
538000  2.1
541000  2.1
544000  2.1
547000  2.1
550000  2.1
553000  2.1
556000  2.1
559000  2.1
562000  2.1
565000  2.0
568000  2.0
571000  2.0
574000  2.0
577000  2.0
580000  2.0
583000  2.0
586000  2.0
589000  2.0
592000  2.0
595000  1.9
598000  1.9
601000  1.9
604000  1.9
607000  1.9
610000  1.9
613000  1.9
616000  1.9
619000  1.9
622000  1.9
625000  1.8
628000  1.8
631000  1.8
634000  1.8
637000  1.8
640000  1.8
643000  1.8
646000  1.8
649000  1.8
652000  1.8
655000  1.8
658000  1.8
661000  1.7
664000  1.7
667000  1.7
670000  1.7
673000  1.7
676000  1.7
679000  1.7
682000  1.7
685000  1.7
688000  1.7
691000  1.7
694000  1.7
697000  1.7
700000  1.7
703000  1.6
706000  1.6
709000  1.6
712000  1.6
715000  1.6
718000  1.6
721000  1.6
724000  1.6
727000  1.6
730000  1.6
733000  1.6
736000  1.6
739000  1.6
742000  1.6
745000  1.5
748000  1.5
751000  1.5
754000  1.5
757000  1.5
760000  1.5
763000  1.5
766000  1.5
769000  1.5
772000  1.5
775000  1.5
778000  1.5
781000  1.5
784000  1.5
787000  1.5
790000  1.5
793000  1.5
796000  1.5
799000  1.4
802000  1.4
805000  1.4
808000  1.4
811000  1.4
814000  1.4
817000  1.4
820000  1.4
823000  1.4
826000  1.4
829000  1.4
832000  1.4
835000  1.4
838000  1.4
841000  1.4
844000  1.4
847000  1.4
850000  1.4
853000  1.4
856000  1.3
859000  1.3
862000  1.3
865000  1.3
868000  1.3
871000  1.3
874000  1.3
877000  1.3
880000  1.3
883000  1.3
886000  1.3
889000  1.3
892000  1.3
895000  1.3
898000  1.3
901000  1.3
904000  1.3
907000  1.3
910000  1.3
913000  1.3
916000  1.3
919000  1.3
922000  1.3
925000  1.2
928000  1.2
931000  1.2
934000  1.2
937000  1.2
940000  1.2
943000  1.2
946000  1.2
949000  1.2
952000  1.2
955000  1.2
958000  1.2
961000  1.2
964000  1.2
967000  1.2
970000  1.2
973000  1.2
976000  1.2
979000  1.2
982000  1.2
985000  1.2
988000  1.2
991000  1.2
994000  1.2
997000  1.2
1000000  1.2
0 33236
1 66922
2 132366
3 255273
4 470350
5 809421
6 1282466
7 1855457
8 2469548
9 3006199
10 3380805
11 3520718
12 3407827
13 3081685
14 2614795
15 2085926
16 1578059
17 1128433
18 773052
19 505998
20 321124
21 199119
22 123206
23 77393
24 51207
25 36043
26 27020
27 21232
28 17248
29 14345
30 11666
31 9312
32 7576
33 5833
34 4646
35 3388
36 2592
37 1929
38 1386
39 918
40 724
41 466
42 363
43 272
44 216
45 155
46 109
47 95
48 85
49 80
50 67
51 44
52 51
53 44
54 45
55 39
56 41
57 37
58 47
59 28
60 22
61 27
62 28
63 31
64 33
65 26
66 17
67 26
68 21
69 17
70 14
71 14
72 31
73 15
74 23
75 23
76 12
77 17
78 18
79 26
80 21
81 14
82 16
83 10
84 13
85 13
86 17
87 9
88 19
89 18
90 11
91 11
92 12
93 15
94 14
95 7
96 8
97 5
98 10
99 6
100 7
101 9
102 4
103 5
104 7
105 5
106 5
107 3
108 8
109 7
110 11
111 10
112 4
113 6
114 5
115 7
116 5
117 4
118 8
119 6
120 4
121 6
122 6
123 3
124 4
125 10
126 3
127 3
128 3
129 11
130 4
131 4
132 11
133 5
134 4
135 6
136 5
137 2
138 7
139 3
140 9
141 6
142 5
143 7
144 3
145 1
146 2
147 5
148 3
149 1
150 2
151 3
152 3
153 3
154 7
155 0
156 3
157 4
158 2
159 4
160 4
161 5
162 4
163 4
164 1
165 4
166 3
167 2
168 1
169 4
170 4
171 3
172 3
173 1
174 3
175 5
176 2
177 3
178 1
179 2
180 4
181 1
182 3
183 1
184 0
185 2
186 2
187 4
188 0
189 2
190 3
191 4
192 3
193 0
194 2
195 1
196 3
197 1
198 2
199 4
200 0
201 3
202 1
203 0
204 1
205 1
206 4
207 2
208 1
209 0
210 0
211 1
212 2
213 0
214 2
215 2
216 3
217 0
218 0
219 2
220 0
221 1
222 1
223 6
224 2
225 0
226 0
227 5
228 1
229 4
230 1
231 1
232 1
233 1
234 1
235 1
236 1
237 0
238 2
239 1
240 0
241 1
242 0
243 0
244 2
245 1
246 2
247 1
248 3
249 1
250 0
251 0
252 1
253 1
254 1
255 1
256 0
257 0
258 0
259 1
260 0
261 0
262 0
263 3
264 0
265 0
266 0
267 1
268 2
269 1
270 1
271 1
272 0
273 0
274 1
275 1
276 1
277 2
278 2
279 1
280 0
281 0
282 1
283 0
284 1
285 3
286 0
287 0
288 1
289 0
290 0
291 0
292 1
293 0
294 1
295 0
296 0
297 0
298 0
299 0
300 0
