1000  2.6
4000  0.7
7000  0.4
10000  0.3
13000  0.2
16000  0.2
19000  0.1
22000  0.1
25000  0.1
28000  0.1
31000  0.1
34000  0.1
37000  0.1
40000  0.1
43000  0.1
46000  0.1
49000  0.1
52000  0.1
55000  0.0
58000  0.0
61000  0.0
64000  0.0
67000  0.0
70000  0.0
73000  0.0
76000  0.0
79000  0.0
82000  0.0
85000  0.0
88000  0.0
91000  0.0
94000  0.0
97000  0.0
100000  0.0
103000  0.0
106000  0.0
109000  0.0
112000  0.0
115000  0.0
118000  0.0
121000  0.0
124000  0.0
127000  0.0
130000  0.0
133000  0.0
136000  0.0
139000  0.0
142000  0.0
145000  0.0
148000  0.0
151000  0.0
154000  0.0
157000  0.0
160000  0.0
163000  0.0
166000  0.0
169000  0.0
172000  0.0
175000  0.0
178000  0.0
181000  0.0
184000  0.0
187000  0.0
190000  0.0
193000  0.0
196000  0.0
199000  0.0
202000  0.0
205000  0.0
208000  0.0
211000  0.0
214000  0.0
217000  0.0
220000  0.0
223000  0.0
226000  0.0
229000  0.0
232000  0.0
235000  0.0
238000  0.0
241000  0.0
244000  0.0
247000  0.0
250000  0.0
253000  0.0
256000  0.0
259000  0.0
262000  0.0
265000  0.0
268000  0.0
271000  0.0
274000  0.0
277000  0.0
280000  0.0
283000  0.0
286000  0.0
289000  0.0
292000  0.0
295000  0.0
298000  0.0
301000  0.0
304000  0.0
307000  0.0
310000  0.0
313000  0.0
316000  0.0
319000  0.0
322000  0.0
325000  0.0
328000  0.0
331000  0.0
334000  0.0
337000  0.0
340000  0.0
343000  0.0
346000  0.0
349000  0.0
352000  0.0
355000  0.0
358000  0.0
361000  0.0
364000  0.0
367000  0.0
370000  0.0
373000  0.0
376000  0.0
379000  0.0
382000  0.0
385000  0.0
388000  0.0
391000  0.0
394000  0.0
397000  0.0
400000  0.0
403000  0.0
406000  0.0
409000  0.0
412000  0.0
415000  0.0
418000  0.0
421000  0.0
424000  0.0
427000  0.0
430000  0.0
433000  0.0
436000  0.0
439000  0.0
442000  0.0
445000  0.0
448000  0.0
451000  0.0
454000  0.0
457000  0.0
460000  0.0
463000  0.0
466000  0.0
469000  0.0
472000  0.0
475000  0.0
478000  0.0
481000  0.0
484000  0.0
487000  0.0
490000  0.0
493000  0.0
496000  0.0
499000  0.0
502000  0.0
505000  0.0
508000  0.0
511000  0.0
514000  0.0
517000  0.0
520000  0.0
523000  0.0
526000  0.0
529000  0.0
532000  0.0
535000  0.0
538000  0.0
541000  0.0
544000  0.0
547000  0.0
550000  0.0
553000  0.0
556000  0.0
559000  0.0
562000  0.0
565000  0.0
568000  0.0
571000  0.0
574000  0.0
577000  0.0
580000  0.0
583000  0.0
586000  0.0
589000  0.0
592000  0.0
595000  0.0
598000  0.0
601000  0.0
604000  0.0
607000  0.0
610000  0.0
613000  0.0
616000  0.0
619000  0.0
622000  0.0
625000  0.0
628000  0.0
631000  0.0
634000  0.0
637000  0.0
640000  0.0
643000  0.0
646000  0.0
649000  0.0
652000  0.0
655000  0.0
658000  0.0
661000  0.0
664000  0.0
667000  0.0
670000  0.0
673000  0.0
676000  0.0
679000  0.0
682000  0.0
685000  0.0
688000  0.0
691000  0.0
694000  0.0
697000  0.0
700000  0.0
703000  0.0
706000  0.0
709000  0.0
712000  0.0
715000  0.0
718000  0.0
721000  0.0
724000  0.0
727000  0.0
730000  0.0
733000  0.0
736000  0.0
739000  0.0
742000  0.0
745000  0.0
748000  0.0
751000  0.0
754000  0.0
757000  0.0
760000  0.0
763000  0.0
766000  0.0
769000  0.0
772000  0.0
775000  0.0
778000  0.0
781000  0.0
784000  0.0
787000  0.0
790000  0.0
793000  0.0
796000  0.0
799000  0.0
802000  0.0
805000  0.0
808000  0.0
811000  0.0
814000  0.0
817000  0.0
820000  0.0
823000  0.0
826000  0.0
829000  0.0
832000  0.0
835000  0.0
838000  0.0
841000  0.0
844000  0.0
847000  0.0
850000  0.0
853000  0.0
856000  0.0
859000  0.0
862000  0.0
865000  0.0
868000  0.0
871000  0.0
874000  0.0
877000  0.0
880000  0.0
883000  0.0
886000  0.0
889000  0.0
892000  0.0
895000  0.0
898000  0.0
901000  0.0
904000  0.0
907000  0.0
910000  0.0
913000  0.0
916000  0.0
919000  0.0
922000  0.0
925000  0.0
928000  0.0
931000  0.0
934000  0.0
937000  0.0
940000  0.0
943000  0.0
946000  0.0
949000  0.0
952000  0.0
955000  0.0
958000  0.0
961000  0.0
964000  0.0
967000  0.0
970000  0.0
973000  0.0
976000  0.0
979000  0.0
982000  0.0
985000  0.0
988000  0.0
991000  0.0
994000  0.0
997000  0.0
1000000  0.0
0 33396
1 59916
2 79348
3 74044
4 49518
5 23901
6 8137
7 2055
8 332
9 30
10 7
11 22
12 17
13 43
14 39
15 47
16 70
17 117
18 125
19 133
20 162
21 174
22 179
23 176
24 194
25 195
26 174
27 172
28 130
29 158
30 100
31 95
32 77
33 70
34 34
35 38
36 43
37 38
38 17
39 34
40 22
41 22
42 22
43 16
44 14
45 25
46 18
47 16
48 14
49 11
50 10
51 4
52 7
53 7
54 5
55 6
56 3
57 5
58 3
59 2
60 4
61 5
62 4
63 6
64 2
65 6
66 5
67 4
68 5
69 1
70 7
71 3
72 3
73 0
74 1
75 3
76 2
77 3
78 1
79 4
80 1
81 1
82 1
83 0
84 2
85 0
86 2
87 3
88 3
89 0
90 0
91 0
92 3
93 3
94 0
95 1
96 2
97 1
98 4
99 1
100 1
101 2
102 0
103 2
104 1
105 0
106 3
107 2
108 3
109 1
110 1
111 2
112 2
113 0
114 1
115 0
116 2
117 1
118 0
119 0
120 1
121 1
122 2
123 0
124 1
125 1
126 0
127 4
128 1
129 0
130 0
131 0
132 0
133 1
134 1
135 1
136 0
137 0
138 0
139 0
140 0
141 0
142 2
143 0
144 0
145 0
146 2
147 1
148 2
149 0
150 0
151 2
152 1
153 0
154 1
155 1
156 0
157 1
158 0
159 0
160 2
161 2
162 0
163 2
164 0
165 0
166 1
167 0
168 1
169 0
170 0
171 0
172 0
173 0
174 0
175 0
176 0
177 0
178 1
179 0
180 0
181 1
182 0
183 0
184 0
185 0
186 0
187 0
188 1
189 0
190 1
191 2
192 1
193 1
194 0
195 0
196 1
197 1
198 0
199 1
200 0
201 1
202 1
203 0
204 0
205 1
206 0
207 0
208 0
209 1
210 0
211 0
212 1
213 1
214 0
215 0
216 1
217 0
218 0
219 0
220 1
221 0
222 0
223 0
224 0
225 0
226 1
227 0
228 1
229 0
230 0
231 0
232 0
233 0
234 0
235 0
236 0
237 0
238 0
239 0
240 0
241 0
242 0
243 1
244 0
245 0
246 0
247 0
248 0
249 0
250 1
251 0
252 0
253 0
254 0
255 0
256 0
257 0
258 0
259 2
260 0
261 0
262 0
263 0
264 0
265 0
266 1
267 0
268 2
269 1
270 2
271 0
272 0
273 0
274 0
275 0
276 0
277 0
278 0
279 0
280 0
281 0
282 0
283 0
284 0
285 0
286 0
287 0
288 0
289 0
290 0
291 0
292 0
293 0
294 0
295 1
296 0
297 0
298 0
299 0
300 0
