1000  67.4
4000  16.9
7000  9.7
10000  6.8
13000  5.2
16000  4.3
19000  3.6
22000  3.1
25000  2.7
28000  2.4
31000  2.2
34000  2.0
37000  1.8
40000  1.7
43000  1.6
46000  1.5
49000  1.4
52000  1.3
55000  1.2
58000  1.2
61000  1.1
64000  1.1
67000  1.0
70000  1.0
73000  0.9
76000  0.9
79000  0.9
82000  0.8
85000  0.8
88000  0.8
91000  0.8
94000  0.7
97000  0.7
100000  0.7
103000  0.7
106000  0.6
109000  0.6
112000  0.6
115000  0.6
118000  0.6
121000  0.6
124000  0.6
127000  0.5
130000  0.5
133000  0.5
136000  0.5
139000  0.5
142000  0.5
145000  0.5
148000  0.5
151000  0.5
154000  0.4
157000  0.4
160000  0.4
163000  0.4
166000  0.4
169000  0.4
172000  0.4
175000  0.4
178000  0.4
181000  0.4
184000  0.4
187000  0.4
190000  0.4
193000  0.4
196000  0.3
199000  0.3
202000  0.3
205000  0.3
208000  0.3
211000  0.3
214000  0.3
217000  0.3
220000  0.3
223000  0.3
226000  0.3
229000  0.3
232000  0.3
235000  0.3
238000  0.3
241000  0.3
244000  0.3
247000  0.3
250000  0.3
253000  0.3
256000  0.3
259000  0.3
262000  0.3
265000  0.3
268000  0.3
271000  0.3
274000  0.3
277000  0.2
280000  0.2
283000  0.2
286000  0.2
289000  0.2
292000  0.2
295000  0.2
298000  0.2
301000  0.2
304000  0.2
307000  0.2
310000  0.2
313000  0.2
316000  0.2
319000  0.2
322000  0.2
325000  0.2
328000  0.2
331000  0.2
334000  0.2
337000  0.2
340000  0.2
343000  0.2
346000  0.2
349000  0.2
352000  0.2
355000  0.2
358000  0.2
361000  0.2
364000  0.2
367000  0.2
370000  0.2
373000  0.2
376000  0.2
379000  0.2
382000  0.2
385000  0.2
388000  0.2
391000  0.2
394000  0.2
397000  0.2
400000  0.2
403000  0.2
406000  0.2
409000  0.2
412000  0.2
415000  0.2
418000  0.2
421000  0.2
424000  0.2
427000  0.2
430000  0.2
433000  0.2
436000  0.2
439000  0.2
442000  0.2
445000  0.2
448000  0.2
451000  0.2
454000  0.2
457000  0.2
460000  0.2
463000  0.2
466000  0.1
469000  0.1
472000  0.1
475000  0.1
478000  0.1
481000  0.1
484000  0.1
487000  0.1
490000  0.1
493000  0.1
496000  0.1
499000  0.1
502000  0.1
505000  0.1
508000  0.1
511000  0.1
514000  0.1
517000  0.1
520000  0.1
523000  0.1
526000  0.1
529000  0.1
532000  0.1
535000  0.1
538000  0.1
541000  0.1
544000  0.1
547000  0.1
550000  0.1
553000  0.1
556000  0.1
559000  0.1
562000  0.1
565000  0.1
568000  0.1
571000  0.1
574000  0.1
577000  0.1
580000  0.1
583000  0.1
586000  0.1
589000  0.1
592000  0.1
595000  0.1
598000  0.1
601000  0.1
604000  0.1
607000  0.1
610000  0.1
613000  0.1
616000  0.1
619000  0.1
622000  0.1
625000  0.1
628000  0.1
631000  0.1
634000  0.1
637000  0.1
640000  0.1
643000  0.1
646000  0.1
649000  0.1
652000  0.1
655000  0.1
658000  0.1
661000  0.1
664000  0.1
667000  0.1
670000  0.1
673000  0.1
676000  0.1
679000  0.1
682000  0.1
685000  0.1
688000  0.1
691000  0.1
694000  0.1
697000  0.1
700000  0.1
703000  0.1
706000  0.1
709000  0.1
712000  0.1
715000  0.1
718000  0.1
721000  0.1
724000  0.1
727000  0.1
730000  0.1
733000  0.1
736000  0.1
739000  0.1
742000  0.1
745000  0.1
748000  0.1
751000  0.1
754000  0.1
757000  0.1
760000  0.1
763000  0.1
766000  0.1
769000  0.1
772000  0.1
775000  0.1
778000  0.1
781000  0.1
784000  0.1
787000  0.1
790000  0.1
793000  0.1
796000  0.1
799000  0.1
802000  0.1
805000  0.1
808000  0.1
811000  0.1
814000  0.1
817000  0.1
820000  0.1
823000  0.1
826000  0.1
829000  0.1
832000  0.1
835000  0.1
838000  0.1
841000  0.1
844000  0.1
847000  0.1
850000  0.1
853000  0.1
856000  0.1
859000  0.1
862000  0.1
865000  0.1
868000  0.1
871000  0.1
874000  0.1
877000  0.1
880000  0.1
883000  0.1
886000  0.1
889000  0.1
892000  0.1
895000  0.1
898000  0.1
901000  0.1
904000  0.1
907000  0.1
910000  0.1
913000  0.1
916000  0.1
919000  0.1
922000  0.1
925000  0.1
928000  0.1
931000  0.1
934000  0.1
937000  0.1
940000  0.1
943000  0.1
946000  0.1
949000  0.1
952000  0.1
955000  0.1
958000  0.1
961000  0.1
964000  0.1
967000  0.1
970000  0.1
973000  0.1
976000  0.1
979000  0.1
982000  0.1
985000  0.1
988000  0.1
991000  0.1
994000  0.1
997000  0.1
1000000  0.1
0 33120
1 65930
2 123496
3 211473
4 314146
5 404398
6 457089
7 452486
8 395423
9 312479
10 221344
11 143878
12 84586
13 46242
14 23466
15 11456
16 5740
17 3029
18 2117
19 1899
20 2012
21 2076
22 2128
23 2133
24 2122
25 2017
26 1934
27 1705
28 1559
29 1302
30 1162
31 943
32 811
33 632
34 511
35 383
36 293
37 223
38 181
39 146
40 118
41 98
42 75
43 84
44 62
45 63
46 53
47 33
48 45
49 38
50 43
51 33
52 20
53 20
54 32
55 27
56 27
57 29
58 15
59 25
60 15
61 12
62 24
63 23
64 23
65 13
66 14
67 16
68 16
69 17
70 17
71 16
72 16
73 15
74 14
75 14
76 8
77 12
78 12
79 10
80 13
81 20
82 7
83 7
84 6
85 9
86 14
87 5
88 7
89 8
90 8
91 17
92 6
93 6
94 7
95 11
96 8
97 9
98 5
99 9
100 2
101 11
102 4
103 7
104 6
105 0
106 6
107 4
108 8
109 6
110 6
111 4
112 6
113 5
114 4
115 4
116 5
117 4
118 4
119 2
120 2
121 3
122 2
123 9
124 5
125 1
126 5
127 6
128 6
129 4
130 3
131 2
132 3
133 4
134 5
135 5
136 4
137 2
138 5
139 2
140 2
141 1
142 3
143 3
144 0
145 4
146 2
147 4
148 2
149 2
150 2
151 1
152 4
153 2
154 4
155 4
156 4
157 3
158 1
159 1
160 3
161 2
162 4
163 3
164 6
165 2
166 3
167 3
168 3
169 0
170 4
171 3
172 4
173 2
174 2
175 4
176 1
177 3
178 1
179 2
180 4
181 1
182 1
183 2
184 1
185 4
186 1
187 2
188 0
189 4
190 0
191 5
192 2
193 1
194 2
195 2
196 0
197 1
198 2
199 4
200 3
201 3
202 3
203 1
204 2
205 0
206 1
207 0
208 3
209 1
210 0
211 1
212 2
213 1
214 0
215 2
216 1
217 1
218 4
219 0
220 1
221 1
222 3
223 1
224 1
225 1
226 0
227 0
228 3
229 1
230 0
231 0
232 1
233 1
234 2
235 4
236 4
237 2
238 1
239 1
240 1
241 2
242 1
243 1
244 3
245 4
246 0
247 2
248 0
249 2
250 1
251 0
252 0
253 1
254 1
255 1
256 0
257 1
258 1
259 1
260 2
261 0
262 1
263 0
264 0
265 0
266 1
267 0
268 0
269 0
270 2
271 2
272 1
273 1
274 0
275 2
276 1
277 1
278 0
279 2
280 2
281 0
282 0
283 0
284 0
285 1
286 2
287 1
288 0
289 1
290 4
291 2
292 3
293 0
294 1
295 0
296 1
297 1
298 0
299 1
300 0
