1000  1142.2
4000  1430.7
7000  1547.5
10000  1622.2
13000  1248.5
16000  1014.9
19000  854.3
22000  738.3
25000  649.7
28000  580.1
31000  524.0
34000  477.7
37000  438.9
40000  406.4
43000  378.1
46000  353.3
49000  331.6
52000  312.6
55000  295.6
58000  280.4
61000  266.5
64000  254.0
67000  242.6
70000  232.3
73000  222.7
76000  214.0
79000  205.9
82000  198.4
85000  191.3
88000  184.9
91000  178.7
94000  173.0
97000  167.7
100000  162.6
103000  157.9
106000  153.5
109000  149.3
112000  145.2
115000  141.5
118000  137.9
121000  134.4
124000  131.2
127000  128.1
130000  125.2
133000  122.4
136000  119.6
139000  117.1
142000  114.6
145000  112.2
148000  110.0
151000  107.8
154000  105.7
157000  103.7
160000  101.7
163000  99.9
166000  98.1
169000  96.3
172000  94.6
175000  93.0
178000  91.5
181000  89.9
184000  88.4
187000  87.0
190000  85.7
193000  84.3
196000  83.1
199000  81.8
202000  80.6
205000  79.4
208000  78.3
211000  77.2
214000  76.1
217000  75.0
220000  74.0
223000  73.0
226000  72.0
229000  71.1
232000  70.2
235000  69.3
238000  68.4
241000  67.6
244000  66.7
247000  65.9
250000  65.2
253000  64.4
256000  63.6
259000  62.9
262000  62.2
265000  61.5
268000  60.7
271000  60.1
274000  59.4
277000  58.8
280000  58.2
283000  57.5
286000  56.9
289000  56.3
292000  55.8
295000  55.2
298000  54.6
301000  54.1
304000  53.6
307000  53.1
310000  52.5
313000  52.0
316000  51.6
319000  51.1
322000  50.6
325000  50.1
328000  49.7
331000  49.2
334000  48.8
337000  48.3
340000  47.9
343000  47.5
346000  47.1
349000  46.7
352000  46.3
355000  45.9
358000  45.5
361000  45.1
364000  44.8
367000  44.4
370000  44.0
373000  43.7
376000  43.3
379000  43.0
382000  42.6
385000  42.3
388000  42.0
391000  41.7
394000  41.4
397000  41.0
400000  40.7
403000  40.4
406000  40.1
409000  39.8
412000  39.6
415000  39.3
418000  39.0
421000  38.7
424000  38.4
427000  38.2
430000  37.9
433000  37.6
436000  37.4
439000  37.1
442000  36.9
445000  36.6
448000  36.4
451000  36.1
454000  35.9
457000  35.7
460000  35.4
463000  35.2
466000  35.0
469000  34.8
472000  34.5
475000  34.3
478000  34.1
481000  33.9
484000  33.7
487000  33.5
490000  33.3
493000  33.1
496000  32.9
499000  32.7
502000  32.5
505000  32.3
508000  32.1
511000  31.9
514000  31.7
517000  31.5
520000  31.4
523000  31.2
526000  31.0
529000  30.8
532000  30.6
535000  30.5
538000  30.3
541000  30.1
544000  30.0
547000  29.8
550000  29.6
553000  29.5
556000  29.3
559000  29.2
562000  29.0
565000  28.9
568000  28.7
571000  28.5
574000  28.4
577000  28.3
580000  28.1
583000  28.0
586000  27.8
589000  27.7
592000  27.5
595000  27.4
598000  27.3
601000  27.1
604000  27.0
607000  26.9
610000  26.7
613000  26.6
616000  26.5
619000  26.3
622000  26.2
625000  26.1
628000  26.0
631000  25.8
634000  25.7
637000  25.6
640000  25.5
643000  25.4
646000  25.2
649000  25.1
652000  25.0
655000  24.9
658000  24.8
661000  24.7
664000  24.6
667000  24.4
670000  24.3
673000  24.2
676000  24.1
679000  24.0
682000  23.9
685000  23.8
688000  23.7
691000  23.6
694000  23.5
697000  23.4
700000  23.3
703000  23.2
706000  23.1
709000  23.0
712000  22.9
715000  22.8
718000  22.7
721000  22.6
724000  22.5
727000  22.4
730000  22.3
733000  22.2
736000  22.2
739000  22.1
742000  22.0
745000  21.9
748000  21.8
751000  21.7
754000  21.6
757000  21.5
760000  21.5
763000  21.4
766000  21.3
769000  21.2
772000  21.1
775000  21.0
778000  21.0
781000  20.9
784000  20.8
787000  20.7
790000  20.6
793000  20.6
796000  20.5
799000  20.4
802000  20.3
805000  20.3
808000  20.2
811000  20.1
814000  20.0
817000  20.0
820000  19.9
823000  19.8
826000  19.7
829000  19.7
832000  19.6
835000  19.5
838000  19.5
841000  19.4
844000  19.3
847000  19.2
850000  19.2
853000  19.1
856000  19.0
859000  19.0
862000  18.9
865000  18.9
868000  18.8
871000  18.7
874000  18.7
877000  18.6
880000  18.5
883000  18.5
886000  18.4
889000  18.3
892000  18.3
895000  18.2
898000  18.2
901000  18.1
904000  18.0
907000  18.0
910000  17.9
913000  17.9
916000  17.8
919000  17.8
922000  17.7
925000  17.6
928000  17.6
931000  17.5
934000  17.5
937000  17.4
940000  17.4
943000  17.3
946000  17.2
949000  17.2
952000  17.1
955000  17.1
958000  17.0
961000  17.0
964000  16.9
967000  16.9
970000  16.8
973000  16.8
976000  16.7
979000  16.7
982000  16.6
985000  16.6
988000  16.5
991000  16.5
994000  16.4
997000  16.4
1000000  16.3
0 33705
1 66467
2 133115
3 264728
4 520196
5 992761
6 1822662
7 3174720
8 5222458
9 8050874
10 11630705
11 15752123
12 20043977
13 23989588
14 27133118
15 29022904
16 29460463
17 28451162
18 26177102
19 23058150
20 19439666
21 15737895
22 12261358
23 9209794
24 6683612
25 4701976
26 3215730
27 2140463
28 1394741
29 892279
30 562312
31 353279
32 220655
33 138514
34 87282
35 55714
36 35943
37 23005
38 15125
39 9926
40 6525
41 4145
42 2671
43 1668
44 1130
45 679
46 474
47 323
48 196
49 137
50 104
51 87
52 58
53 51
54 56
55 45
56 35
57 35
58 37
59 28
60 44
61 33
62 31
63 27
64 26
65 20
66 27
67 33
68 17
69 21
70 22
71 16
72 31
73 23
74 14
75 13
76 16
77 17
78 14
79 9
80 11
81 18
82 15
83 11
84 12
85 19
86 10
87 8
88 13
89 6
90 11
91 13
92 13
93 17
94 15
95 8
96 10
97 8
98 13
99 9
100 6
101 4
102 8
103 6
104 7
105 4
106 8
107 3
108 8
109 8
110 4
111 4
112 8
113 5
114 6
115 5
116 3
117 5
118 6
119 4
120 5
121 6
122 4
123 5
124 7
125 3
126 8
127 7
128 7
129 1
130 5
131 6
132 8
133 4
134 9
135 2
136 2
137 5
138 6
139 6
140 10
141 3
142 8
143 3
144 5
145 3
146 0
147 8
148 6
149 2
150 2
151 4
152 5
153 4
154 2
155 3
156 4
157 2
158 2
159 1
160 3
161 4
162 2
163 0
164 2
165 7
166 1
167 1
168 3
169 2
170 5
171 3
172 3
173 3
174 2
175 2
176 1
177 3
178 2
179 0
180 2
181 4
182 3
183 0
184 3
185 3
186 1
187 3
188 1
189 2
190 2
191 0
192 3
193 2
194 2
195 1
196 3
197 1
198 1
199 1
200 1
201 1
202 3
203 2
204 1
205 5
206 1
207 1
208 1
209 1
210 0
211 1
212 1
213 2
214 2
215 1
216 1
217 1
218 3
219 1
220 4
221 0
222 0
223 0
224 1
225 0
226 1
227 1
228 2
229 1
230 1
231 0
232 1
233 1
234 2
235 4
236 3
237 1
238 0
239 0
240 1
241 0
242 0
243 2
244 1
245 2
246 1
247 3
248 0
249 1
250 1
251 0
252 1
253 2
254 2
255 2
256 1
257 1
258 1
259 1
260 1
261 2
262 0
263 1
264 1
265 1
266 3
267 0
268 1
269 2
270 5
271 2
272 0
273 2
274 1
275 1
276 1
277 0
278 0
279 1
280 0
281 0
282 1
283 0
284 2
285 1
286 1
287 3
288 0
289 0
290 0
291 1
292 0
293 1
294 0
295 2
296 1
297 0
298 2
299 1
300 2
