1000  12.7
4000  15.6
7000  16.8
10000  17.5
13000  18.0
16000  18.5
19000  18.9
22000  19.2
25000  19.5
28000  19.7
31000  19.9
34000  20.1
37000  20.3
40000  20.4
43000  20.6
46000  20.7
49000  20.9
52000  21.0
55000  21.1
58000  21.2
61000  21.3
64000  21.4
67000  21.5
70000  21.6
73000  21.7
76000  21.8
79000  21.9
82000  21.9
85000  22.0
88000  22.1
91000  22.1
94000  22.2
97000  22.3
100000  22.3
103000  22.4
106000  22.5
109000  22.5
112000  22.6
115000  22.6
118000  22.7
121000  22.7
124000  22.8
127000  22.8
130000  22.9
133000  23.0
136000  23.0
139000  23.0
142000  23.1
145000  23.1
148000  23.1
151000  23.2
154000  23.2
157000  23.3
160000  23.3
163000  23.4
166000  23.4
169000  23.4
172000  23.5
175000  23.5
178000  23.6
181000  23.6
184000  23.6
187000  23.7
190000  23.7
193000  23.7
196000  23.8
199000  23.8
202000  23.8
205000  23.8
208000  23.9
211000  23.9
214000  23.9
217000  24.0
220000  24.0
223000  24.0
226000  24.1
229000  24.1
232000  24.1
235000  24.1
238000  24.2
241000  24.2
244000  24.2
247000  24.2
250000  24.3
253000  24.3
256000  24.3
259000  24.3
262000  24.4
265000  24.4
268000  24.4
271000  24.4
274000  24.4
277000  24.5
280000  24.5
283000  24.5
286000  24.5
289000  24.6
292000  24.6
295000  24.6
298000  24.6
301000  24.7
304000  24.7
307000  24.7
310000  24.7
313000  24.7
316000  24.7
319000  24.8
322000  24.8
325000  24.8
328000  24.8
331000  24.9
334000  24.9
337000  24.9
340000  24.9
343000  24.9
346000  24.9
349000  25.0
352000  25.0
355000  25.0
358000  25.0
361000  25.0
364000  25.1
367000  25.1
370000  25.1
373000  25.1
376000  25.1
379000  25.1
382000  25.2
385000  25.2
388000  25.2
391000  25.2
394000  25.2
397000  25.2
400000  25.3
403000  25.3
406000  25.3
409000  25.3
412000  25.3
415000  25.3
418000  25.3
421000  25.4
424000  25.4
427000  25.4
430000  25.4
433000  25.4
436000  25.4
439000  25.4
442000  25.5
445000  25.5
448000  25.5
451000  25.5
454000  25.5
457000  25.5
460000  25.5
463000  25.6
466000  25.6
469000  25.6
472000  25.6
475000  25.6
478000  25.6
481000  25.6
484000  25.7
487000  25.7
490000  25.7
493000  25.7
496000  25.7
499000  25.7
502000  25.7
505000  25.7
508000  25.7
511000  25.8
514000  25.8
517000  25.8
520000  25.8
523000  25.8
526000  25.8
529000  25.8
532000  25.8
535000  25.9
538000  25.9
541000  25.9
544000  25.9
547000  25.9
550000  25.9
553000  25.9
556000  25.9
559000  26.0
562000  26.0
565000  26.0
568000  26.0
571000  26.0
574000  26.0
577000  26.0
580000  26.0
583000  26.0
586000  26.0
589000  26.1
592000  26.1
595000  26.1
598000  26.1
601000  26.1
604000  26.1
607000  26.1
610000  26.1
613000  26.1
616000  26.2
619000  26.2
622000  26.2
625000  26.2
628000  26.2
631000  26.2
634000  26.2
637000  26.2
640000  26.2
643000  26.2
646000  26.3
649000  26.3
652000  26.3
655000  26.3
658000  26.3
661000  26.3
664000  26.3
667000  26.3
670000  26.3
673000  26.3
676000  26.4
679000  26.4
682000  26.4
685000  26.4
688000  26.4
691000  26.4
694000  26.4
697000  26.4
700000  26.4
703000  26.4
706000  26.4
709000  26.4
712000  26.5
715000  26.5
718000  26.5
721000  26.5
724000  26.5
727000  26.5
730000  26.5
733000  26.5
736000  26.5
739000  26.5
742000  26.6
745000  26.5
748000  26.6
751000  26.6
754000  26.6
757000  26.6
760000  26.6
763000  26.6
766000  26.6
769000  26.6
772000  26.6
775000  26.6
778000  26.6
781000  26.6
784000  26.7
787000  26.7
790000  26.7
793000  26.7
796000  26.7
799000  26.7
802000  26.7
805000  26.7
808000  26.7
811000  26.7
814000  26.7
817000  26.7
820000  26.7
823000  26.8
826000  26.8
829000  26.8
832000  26.8
835000  26.8
838000  26.8
841000  26.8
844000  26.8
847000  26.8
850000  26.8
853000  26.8
856000  26.8
859000  26.8
862000  26.9
865000  26.9
868000  26.9
871000  26.9
874000  26.9
877000  26.9
880000  26.9
883000  26.9
886000  26.9
889000  26.9
892000  26.9
895000  26.9
898000  26.9
901000  27.0
904000  27.0
907000  27.0
910000  27.0
913000  27.0
916000  27.0
919000  27.0
922000  27.0
925000  27.0
928000  27.0
931000  27.0
934000  27.0
937000  27.0
940000  27.0
943000  27.0
946000  27.1
949000  27.1
952000  27.1
955000  27.1
958000  27.1
961000  27.1
964000  27.1
967000  27.1
970000  27.1
973000  27.1
976000  27.1
979000  27.1
982000  27.1
985000  27.1
988000  27.1
991000  27.2
994000  27.2
997000  27.2
1000000  27.2
0 0
1 0
2 0
3 3
4 47
5 225
6 838
7 3060
8 9126
9 24357
10 58294
11 127348
12 256354
13 480934
14 837219
15 1366467
16 2105912
17 3069043
18 4251448
19 5608265
20 7060705
21 8514744
22 9855161
23 10970157
24 11757457
25 12167579
26 12162551
27 11770368
28 11029722
29 10044537
30 8873304
31 7625759
32 6375601
33 5193255
34 4124190
35 3196891
36 2416216
37 1786996
38 1290588
39 914409
40 632442
41 428368
42 284581
43 185501
44 118497
45 74275
46 46101
47 27576
48 16575
49 9868
50 5565
51 3182
52 1710
53 1028
54 561
55 303
56 184
57 119
58 68
59 46
60 41
61 38
62 26
63 32
64 26
65 31
66 25
67 23
68 25
69 23
70 19
71 26
72 23
73 13
74 22
75 17
76 17
77 20
78 15
79 14
80 18
81 13
82 23
83 12
84 8
85 14
86 14
87 10
88 16
89 14
90 14
91 12
92 12
93 15
94 10
95 7
96 14
97 11
98 7
99 6
100 15
101 6
102 6
103 8
104 8
105 7
106 6
107 15
108 12
109 11
110 8
111 3
112 3
113 3
114 4
115 3
116 8
117 10
118 5
119 8
120 9
121 7
122 3
123 3
124 5
125 6
126 5
127 0
128 8
129 3
130 2
131 3
132 2
133 5
134 5
135 2
136 3
137 3
138 5
139 2
140 5
141 6
142 2
143 2
144 5
145 3
146 3
147 2
148 2
149 5
150 2
151 6
152 1
153 2
154 1
155 5
156 3
157 3
158 4
159 6
160 4
161 2
162 6
163 1
164 3
165 1
166 3
167 1
168 2
169 4
170 2
171 5
172 2
173 2
174 1
175 6
176 2
177 0
178 4
179 1
180 3
181 7
182 1
183 4
184 3
185 1
186 1
187 4
188 2
189 1
190 4
191 4
192 1
193 1
194 4
195 3
196 4
197 2
198 2
199 1
200 2
201 1
202 1
203 0
204 2
205 3
206 1
207 3
208 1
209 2
210 1
211 3
212 1
213 1
214 3
215 1
216 1
217 2
218 2
219 3
220 2
221 1
222 1
223 3
224 3
225 2
226 0
227 2
228 0
229 2
230 0
231 0
232 3
233 2
234 3
235 3
236 1
237 1
238 1
239 2
240 2
241 3
242 1
243 0
244 0
245 2
246 0
247 0
248 1
249 1
250 0
251 0
252 2
253 0
254 4
255 0
256 1
257 0
258 0
259 0
260 2
261 0
262 0
263 1
264 2
265 2
266 1
267 0
268 0
269 2
270 1
271 0
272 1
273 0
274 1
275 0
276 0
277 1
278 0
279 0
280 2
281 0
282 0
283 1
284 0
285 1
286 0
287 1
288 0
289 2
290 0
291 1
292 2
293 1
294 0
295 0
296 1
297 0
298 0
299 1
300 1
